Using pre-set license
Built from '2021.2/staging' branch; Version is '2021.2.7f1 (6bd9e232123f) revision 7068130'; Using compiler version '192829333'; Build Type 'Release'
OS: 'Windows 10  (10.0.19043) 64bit Education' Language: 'ko' Physical Memory: 16236 MB
BatchMode: 1, IsHumanControllingUs: 0, StartBugReporterOnCrash: 0, Is64bit: 1, IsPro: 0

COMMAND LINE ARGUMENTS:
D:\A-4\Yellow\Unity\Hub\Editor\2021.2.7f1\Editor\Unity.exe
-adb2
-batchMode
-noUpm
-name
AssetImportWorker9
-projectPath
D:/A-4/OneLevel
-logFile
Logs/AssetImportWorker9.log
-srvPort
3557
Successfully changed project path to: D:/A-4/OneLevel
D:/A-4/OneLevel
[UnityMemory] Configuration Parameters - Can be set up in boot.config
    "memorysetup-bucket-allocator-granularity=16"
    "memorysetup-bucket-allocator-bucket-count=8"
    "memorysetup-bucket-allocator-block-size=33554432"
    "memorysetup-bucket-allocator-block-count=8"
    "memorysetup-main-allocator-block-size=16777216"
    "memorysetup-thread-allocator-block-size=16777216"
    "memorysetup-gfx-main-allocator-block-size=16777216"
    "memorysetup-gfx-thread-allocator-block-size=16777216"
    "memorysetup-cache-allocator-block-size=4194304"
    "memorysetup-typetree-allocator-block-size=2097152"
    "memorysetup-profiler-bucket-allocator-granularity=16"
    "memorysetup-profiler-bucket-allocator-bucket-count=8"
    "memorysetup-profiler-bucket-allocator-block-size=33554432"
    "memorysetup-profiler-bucket-allocator-block-count=8"
    "memorysetup-profiler-allocator-block-size=16777216"
    "memorysetup-profiler-editor-allocator-block-size=1048576"
    "memorysetup-temp-allocator-size-main=16777216"
    "memorysetup-job-temp-allocator-block-size=2097152"
    "memorysetup-job-temp-allocator-block-size-background=1048576"
    "memorysetup-job-temp-allocator-reduction-small-platforms=262144"
    "memorysetup-temp-allocator-size-background-worker=32768"
    "memorysetup-temp-allocator-size-job-worker=262144"
    "memorysetup-temp-allocator-size-preload-manager=33554432"
    "memorysetup-temp-allocator-size-nav-mesh-worker=65536"
    "memorysetup-temp-allocator-size-audio-worker=65536"
    "memorysetup-temp-allocator-size-cloud-worker=32768"
    "memorysetup-temp-allocator-size-gi-baking-worker=262144"
    "memorysetup-temp-allocator-size-gfx=262144"
Refreshing native plugins compatible for Editor in 93.27 ms, found 4 plugins.
Preloading 0 native plugins for Editor in 0.00 ms.
Initialize engine version: 2021.2.7f1 (6bd9e232123f)
[Subsystems] Discovering subsystems at path D:/A-4/Yellow/Unity/Hub/Editor/2021.2.7f1/Editor/Data/Resources/UnitySubsystems
[Subsystems] Discovering subsystems at path D:/A-4/OneLevel/Assets
GfxDevice: creating device client; threaded=0; jobified=0
Direct3D:
    Version:  Direct3D 11.0 [level 11.1]
    Renderer: NVIDIA GeForce RTX 3060 Laptop GPU (ID=0x2560)
    Vendor:   NVIDIA
    VRAM:     6023 MB
    Driver:   27.21.14.6681
Initialize mono
Mono path[0] = 'D:/A-4/Yellow/Unity/Hub/Editor/2021.2.7f1/Editor/Data/Managed'
Mono path[1] = 'D:/A-4/Yellow/Unity/Hub/Editor/2021.2.7f1/Editor/Data/MonoBleedingEdge/lib/mono/unityjit-win32'
Mono config path = 'D:/A-4/Yellow/Unity/Hub/Editor/2021.2.7f1/Editor/Data/MonoBleedingEdge/etc'
Using monoOptions --debugger-agent=transport=dt_socket,embedding=1,server=y,suspend=n,address=127.0.0.1:56020
Begin MonoManager ReloadAssembly
Registering precompiled unity dll's ...
Register platform support module: D:/A-4/Yellow/Unity/Hub/Editor/2021.2.7f1/Editor/Data/PlaybackEngines/WindowsStandaloneSupport/UnityEditor.WindowsStandalone.Extensions.dll
Registered in 0.004074 seconds.
Native extension for WindowsStandalone target not found
Refreshing native plugins compatible for Editor in 76.20 ms, found 4 plugins.
Preloading 0 native plugins for Editor in 0.00 ms.
Mono: successfully reloaded assembly
- Completed reload, in  0.550 seconds
Domain Reload Profiling:
	ReloadAssembly (550ms)
		BeginReloadAssembly (78ms)
			ExecutionOrderSort (0ms)
			DisableScriptedObjects (0ms)
			BackupInstance (0ms)
			ReleaseScriptingObjects (0ms)
			CreateAndSetChildDomain (1ms)
		EndReloadAssembly (405ms)
			LoadAssemblies (77ms)
			RebuildTransferFunctionScriptingTraits (0ms)
			SetupTypeCache (98ms)
			ReleaseScriptCaches (0ms)
			RebuildScriptCaches (23ms)
			SetupLoadedEditorAssemblies (239ms)
				LogAssemblyErrors (0ms)
				InitializePlatformSupportModulesInManaged (13ms)
				SetLoadedEditorAssemblies (0ms)
				RefreshPlugins (76ms)
				BeforeProcessingInitializeOnLoad (1ms)
				ProcessInitializeOnLoadAttributes (108ms)
				ProcessInitializeOnLoadMethodAttributes (40ms)
				AfterProcessingInitializeOnLoad (0ms)
				EditorAssembliesLoaded (0ms)
			ExecutionOrderSort2 (0ms)
			AwakeInstancesAfterBackupRestoration (0ms)
Platform modules already initialized, skipping
Registering precompiled user dll's ...
Registered in 0.008653 seconds.
Begin MonoManager ReloadAssembly
Symbol file LoadedFromMemory doesn't match image D:\A-4\OneLevel\Library\PackageCache\com.unity.visualscripting@1.7.6\Editor\VisualScripting.Core\Dependencies\YamlDotNet\Unity.VisualScripting.YamlDotNet.dll
Symbol file LoadedFromMemory doesn't match image D:\A-4\OneLevel\Library\PackageCache\com.unity.visualscripting@1.7.6\Editor\VisualScripting.Core\Dependencies\DotNetZip\Unity.VisualScripting.IonicZip.dll
Native extension for WindowsStandalone target not found
Refreshing native plugins compatible for Editor in 77.04 ms, found 4 plugins.
Preloading 0 native plugins for Editor in 0.00 ms.
Mono: successfully reloaded assembly
- Completed reload, in  1.420 seconds
Domain Reload Profiling:
	ReloadAssembly (1421ms)
		BeginReloadAssembly (108ms)
			ExecutionOrderSort (0ms)
			DisableScriptedObjects (5ms)
			BackupInstance (0ms)
			ReleaseScriptingObjects (0ms)
			CreateAndSetChildDomain (19ms)
		EndReloadAssembly (1229ms)
			LoadAssemblies (90ms)
			RebuildTransferFunctionScriptingTraits (0ms)
			SetupTypeCache (215ms)
			ReleaseScriptCaches (1ms)
			RebuildScriptCaches (49ms)
			SetupLoadedEditorAssemblies (849ms)
				LogAssemblyErrors (0ms)
				InitializePlatformSupportModulesInManaged (10ms)
				SetLoadedEditorAssemblies (0ms)
				RefreshPlugins (77ms)
				BeforeProcessingInitializeOnLoad (76ms)
				ProcessInitializeOnLoadAttributes (650ms)
				ProcessInitializeOnLoadMethodAttributes (32ms)
				AfterProcessingInitializeOnLoad (3ms)
				EditorAssembliesLoaded (0ms)
			ExecutionOrderSort2 (0ms)
			AwakeInstancesAfterBackupRestoration (6ms)
Platform modules already initialized, skipping
========================================================================
Worker process is ready to serve import requests
Launched and connected shader compiler UnityShaderCompiler.exe after 0.22 seconds
Refreshing native plugins compatible for Editor in 0.75 ms, found 4 plugins.
Preloading 0 native plugins for Editor in 0.00 ms.
Unloading 3917 Unused Serialized files (Serialized files now loaded: 0)
Unloading 43 unused Assets / (225.4 KB). Loaded Objects now: 4367.
Memory consumption went from 153.7 MB to 153.5 MB.
Total: 3.525500 ms (FindLiveObjects: 0.329100 ms CreateObjectMapping: 0.113200 ms MarkObjects: 2.907700 ms  DeleteObjects: 0.174300 ms)

AssetImportParameters requested are different than current active one (requested -> active):
  custom:video-decoder-ogg-theora: a1e56fd34408186e4bbccfd4996cb3dc -> 
  custom:container-muxer-webm: aa71ff27fc2769a1b78a27578f13a17b -> 
  custom:container-demuxer-webm: 4f35f7cbe854078d1ac9338744f61a02 -> 
  custom:video-encoder-webm-vp8: eb34c28f22e8b96e1ab97ce403110664 -> 
  custom:audio-encoder-webm-vorbis: bf7c407c2cedff20999df2af8eb42d56 -> 
  custom:framework-win-MediaFoundation: 216162199b28c13a410421893ffa2e32 -> 
  custom:container-demuxer-ogg: 62fdf1f143b41e24485cea50d1cbac27 -> 
  custom:video-decoder-webm-vp8: 9c59270c3fd7afecdb556c50c9e8de78 -> 
  custom:audio-decoder-ogg-vorbis: bf7c407c2cedff20999df2af8eb42d56 -> 
========================================================================
Received Import Request.
  Time since last request: 258120.874780 seconds.
  path: Assets/Sounds/hits/hit03.mp3.flac
  artifactKey: Guid(5ad22397c8c62db43b5ad2a9caf7ce72) Importer(815301076,1909f56bfc062723c751e8b465ee728b)
Start importing Assets/Sounds/hits/hit03.mp3.flac using Guid(5ad22397c8c62db43b5ad2a9caf7ce72) Importer(815301076,1909f56bfc062723c751e8b465ee728b)  -> (artifact id: '79c68f6562ca9b6b8d1f39daa9f77dde') in 0.131809 seconds 
========================================================================
Received Import Request.
  Time since last request: 0.000023 seconds.
  path: Assets/Sounds/hits/hit20.mp3.flac
  artifactKey: Guid(694e59e8848412f4099d7f5d2887a00c) Importer(815301076,1909f56bfc062723c751e8b465ee728b)
Start importing Assets/Sounds/hits/hit20.mp3.flac using Guid(694e59e8848412f4099d7f5d2887a00c) Importer(815301076,1909f56bfc062723c751e8b465ee728b)  -> (artifact id: '84ecce750aa4a5f481c10e90682e91c7') in 0.048205 seconds 
========================================================================
Received Import Request.
  Time since last request: 0.000030 seconds.
  path: Assets/Sounds/hits/hit16.mp3.flac
  artifactKey: Guid(dec2e074c052aa8419b26c7e285c033e) Importer(815301076,1909f56bfc062723c751e8b465ee728b)
Start importing Assets/Sounds/hits/hit16.mp3.flac using Guid(dec2e074c052aa8419b26c7e285c033e) Importer(815301076,1909f56bfc062723c751e8b465ee728b)  -> (artifact id: '90d79bb362931b8c11f343429e50e519') in 0.028018 seconds 
========================================================================
Received Import Request.
  Time since last request: 0.000016 seconds.
  path: Assets/Sounds/hits/hit36.mp3.flac
  artifactKey: Guid(4b25123cd72b79641933cea4fc0b6f31) Importer(815301076,1909f56bfc062723c751e8b465ee728b)
Start importing Assets/Sounds/hits/hit36.mp3.flac using Guid(4b25123cd72b79641933cea4fc0b6f31) Importer(815301076,1909f56bfc062723c751e8b465ee728b)  -> (artifact id: '5ccd1ff29da310af34a4e2ceb6bd7d5e') in 0.058509 seconds 
========================================================================
Received Import Request.
  Time since last request: 0.000023 seconds.
  path: Assets/Sounds/hits/hit14.mp3.flac
  artifactKey: Guid(eb71a609236ab2147bf88302b1aa0cd7) Importer(815301076,1909f56bfc062723c751e8b465ee728b)
Start importing Assets/Sounds/hits/hit14.mp3.flac using Guid(eb71a609236ab2147bf88302b1aa0cd7) Importer(815301076,1909f56bfc062723c751e8b465ee728b)  -> (artifact id: '396c1049d2e357f3bb6b0ef84099fefc') in 0.193579 seconds 
========================================================================
Received Import Request.
  Time since last request: 0.000027 seconds.
  path: Assets/Sounds/hits/hit37.mp3.flac
  artifactKey: Guid(2ff5d305d61b7564abf2cbeb6f3cbbc4) Importer(815301076,1909f56bfc062723c751e8b465ee728b)
Start importing Assets/Sounds/hits/hit37.mp3.flac using Guid(2ff5d305d61b7564abf2cbeb6f3cbbc4) Importer(815301076,1909f56bfc062723c751e8b465ee728b)  -> (artifact id: '71de7d5cb7a641c69398f8bae512b78a') in 0.013508 seconds 
========================================================================
Received Import Request.
  Time since last request: 0.000031 seconds.
  path: Assets/Sounds/hits/hit32.mp3.flac
  artifactKey: Guid(b83c2c22540cd4345b0a9b1a15429424) Importer(815301076,1909f56bfc062723c751e8b465ee728b)
Start importing Assets/Sounds/hits/hit32.mp3.flac using Guid(b83c2c22540cd4345b0a9b1a15429424) Importer(815301076,1909f56bfc062723c751e8b465ee728b)  -> (artifact id: '291719a64ce43248418d068e421f8762') in 0.038219 seconds 
========================================================================
Received Import Request.
  Time since last request: 0.000019 seconds.
  path: Assets/Sounds/hits/hit34.mp3.flac
  artifactKey: Guid(0fa4d1b0aac5d9d459a89bfc364bb65d) Importer(815301076,1909f56bfc062723c751e8b465ee728b)
Start importing Assets/Sounds/hits/hit34.mp3.flac using Guid(0fa4d1b0aac5d9d459a89bfc364bb65d) Importer(815301076,1909f56bfc062723c751e8b465ee728b)  -> (artifact id: '0175853a33b9050ae739ffafaef26e98') in 0.025300 seconds 
========================================================================
Received Import Request.
  Time since last request: 0.000025 seconds.
  path: Assets/Sounds/hits/hit31.mp3.flac
  artifactKey: Guid(3d0fd1bd97da8cb4da6e53537cebce72) Importer(815301076,1909f56bfc062723c751e8b465ee728b)
Start importing Assets/Sounds/hits/hit31.mp3.flac using Guid(3d0fd1bd97da8cb4da6e53537cebce72) Importer(815301076,1909f56bfc062723c751e8b465ee728b)  -> (artifact id: '6b6fd5da6d328169d4cc247917dc2199') in 0.027547 seconds 
========================================================================
Received Import Request.
  Time since last request: 11.637780 seconds.
  path: Assets/Sounds/wood_impact/crack03.mp3.flac
  artifactKey: Guid(44a35ba0be0ecb543b3d19b51d5a843a) Importer(815301076,1909f56bfc062723c751e8b465ee728b)
Start importing Assets/Sounds/wood_impact/crack03.mp3.flac using Guid(44a35ba0be0ecb543b3d19b51d5a843a) Importer(815301076,1909f56bfc062723c751e8b465ee728b)  -> (artifact id: 'f6857d108189ff64aa7fefaf0eaf94fa') in 0.011446 seconds 
========================================================================
Received Import Request.
  Time since last request: 0.000017 seconds.
  path: Assets/Sounds/wood_impact/impactwood09.mp3.flac
  artifactKey: Guid(121733a82d9cc774085dd48648576299) Importer(815301076,1909f56bfc062723c751e8b465ee728b)
Start importing Assets/Sounds/wood_impact/impactwood09.mp3.flac using Guid(121733a82d9cc774085dd48648576299) Importer(815301076,1909f56bfc062723c751e8b465ee728b)  -> (artifact id: 'c8093d9ea56dd142c03eae436b00c11d') in 0.012334 seconds 
========================================================================
Received Import Request.
  Time since last request: 0.000023 seconds.
  path: Assets/Sounds/wood_impact/crack07.mp3.flac
  artifactKey: Guid(e808f651ec62d714ab4aff814f369f23) Importer(815301076,1909f56bfc062723c751e8b465ee728b)
Start importing Assets/Sounds/wood_impact/crack07.mp3.flac using Guid(e808f651ec62d714ab4aff814f369f23) Importer(815301076,1909f56bfc062723c751e8b465ee728b)  -> (artifact id: '56805e1d1935116921e8e27c3b1eab61') in 0.028445 seconds 
========================================================================
Received Import Request.
  Time since last request: 0.000023 seconds.
  path: Assets/Sounds/wood_impact/impactwood14.mp3.flac
  artifactKey: Guid(5eac4873b001cb04fb6b538cbe2c7dd9) Importer(815301076,1909f56bfc062723c751e8b465ee728b)
Start importing Assets/Sounds/wood_impact/impactwood14.mp3.flac using Guid(5eac4873b001cb04fb6b538cbe2c7dd9) Importer(815301076,1909f56bfc062723c751e8b465ee728b)  -> (artifact id: '9ae88db6bf92377a7b90fe6f71c0a632') in 0.167016 seconds 
========================================================================
Received Import Request.
  Time since last request: 0.000024 seconds.
  path: Assets/Sounds/wood_impact/impactwood21.mp3.flac
  artifactKey: Guid(b3c5c7b6afe95ce46ba4d8c31c643dbe) Importer(815301076,1909f56bfc062723c751e8b465ee728b)
Start importing Assets/Sounds/wood_impact/impactwood21.mp3.flac using Guid(b3c5c7b6afe95ce46ba4d8c31c643dbe) Importer(815301076,1909f56bfc062723c751e8b465ee728b)  -> (artifact id: '263af03174307723450cd5fb6c5bb3de') in 0.059852 seconds 
========================================================================
Received Import Request.
  Time since last request: 0.000019 seconds.
  path: Assets/Sounds/wood_impact/impactwood24.mp3.flac
  artifactKey: Guid(0f704417913b9014c92cf837d0067f6c) Importer(815301076,1909f56bfc062723c751e8b465ee728b)
Start importing Assets/Sounds/wood_impact/impactwood24.mp3.flac using Guid(0f704417913b9014c92cf837d0067f6c) Importer(815301076,1909f56bfc062723c751e8b465ee728b)  -> (artifact id: '8fecf6538028d0ab41dc6e7232300fb7') in 0.029702 seconds 
========================================================================
Received Import Request.
  Time since last request: 0.000018 seconds.
  path: Assets/Sounds/wood_impact/impactwood03.mp3.flac
  artifactKey: Guid(2ca22e26ad1f13d4abd0795b1917b877) Importer(815301076,1909f56bfc062723c751e8b465ee728b)
Start importing Assets/Sounds/wood_impact/impactwood03.mp3.flac using Guid(2ca22e26ad1f13d4abd0795b1917b877) Importer(815301076,1909f56bfc062723c751e8b465ee728b)  -> (artifact id: '706bbf53ca89a2c720191a6af782b15e') in 0.034606 seconds 
========================================================================
Received Import Request.
  Time since last request: 0.000017 seconds.
  path: Assets/Sounds/wood_impact/impactwood17.mp3.flac
  artifactKey: Guid(737df1349f335a344bcf4bcdb13c81ad) Importer(815301076,1909f56bfc062723c751e8b465ee728b)
Start importing Assets/Sounds/wood_impact/impactwood17.mp3.flac using Guid(737df1349f335a344bcf4bcdb13c81ad) Importer(815301076,1909f56bfc062723c751e8b465ee728b)  -> (artifact id: '931594c3a0d211eb03e41f2c5fcfe3d6') in 0.021609 seconds 
========================================================================
Received Import Request.
  Time since last request: 0.000017 seconds.
  path: Assets/Sounds/wood_impact/impactwood10.mp3.flac
  artifactKey: Guid(5272176980a48234387734964cf54e3f) Importer(815301076,1909f56bfc062723c751e8b465ee728b)
Start importing Assets/Sounds/wood_impact/impactwood10.mp3.flac using Guid(5272176980a48234387734964cf54e3f) Importer(815301076,1909f56bfc062723c751e8b465ee728b)  -> (artifact id: '76d33b4bf4f5b936264a01560d1350c7') in 0.011699 seconds 
Editor requested this worker to shutdown with reason: Scaling down because of idle timeout
AssetImportWorker is now disconnected from the server
Process exiting
Exiting without the bug reporter. Application will terminate with return code 0